2025-01-19 17:51:08,813 - INFO - Processing 1000 PNG files
2025-01-19 17:51:30,010 - WARNING - Image too dark
2025-01-19 17:51:47,671 - WARNING - Image too dark
2025-01-19 17:52:05,629 - WARNING - Image too dark
2025-01-19 17:52:27,596 - WARNING - Image too dark
2025-01-19 17:52:27,648 - INFO - Successfully processed: /home/anywhere3090l/Desktop/compalmtk/Dynamic-noise-AD-master/dataset/btad/three/train/good/0294.png
2025-01-19 17:52:46,268 - WARNING - Image too dark
2025-01-19 17:53:04,824 - WARNING - Image too dark
2025-01-19 17:53:23,548 - WARNING - Image too dark
2025-01-19 17:53:43,029 - WARNING - Image too dark
2025-01-19 17:53:43,080 - INFO - Successfully processed: /home/anywhere3090l/Desktop/compalmtk/Dynamic-noise-AD-master/dataset/btad/three/train/good/0429.png
2025-01-19 17:54:02,340 - WARNING - Image too dark
2025-01-19 17:54:21,571 - WARNING - Image too dark
2025-01-19 17:54:40,970 - WARNING - Image too dark
2025-01-19 17:55:01,102 - WARNING - Image too dark
2025-01-19 17:55:01,156 - INFO - Successfully processed: /home/anywhere3090l/Desktop/compalmtk/Dynamic-noise-AD-master/dataset/btad/three/train/good/0394.png
2025-01-19 17:55:21,243 - WARNING - Image too dark
2025-01-19 17:55:41,145 - WARNING - Image too dark
2025-01-19 17:56:01,241 - WARNING - Image too dark
2025-01-19 17:56:22,064 - WARNING - Image too dark
2025-01-19 17:56:22,116 - INFO - Successfully processed: /home/anywhere3090l/Desktop/compalmtk/Dynamic-noise-AD-master/dataset/btad/three/train/good/0419.png
2025-01-19 17:56:42,766 - WARNING - Image too dark
2025-01-19 17:57:03,844 - WARNING - Image too dark
2025-01-19 17:57:24,545 - WARNING - Image too dark
2025-01-19 17:57:46,274 - WARNING - Image too dark
2025-01-19 17:57:46,332 - INFO - Successfully processed: /home/anywhere3090l/Desktop/compalmtk/Dynamic-noise-AD-master/dataset/btad/three/train/good/0466.png
2025-01-19 17:58:27,279 - ERROR - Upscaling error: CUDA out of memory. Tried to allocate 1.50 GiB. GPU 0 has a total capacity of 23.69 GiB of which 568.62 MiB is free. Including non-PyTorch memory, this process has 11.04 GiB memory in use. Process 12049 has 12.05 GiB memory in use. Of the allocated memory 9.42 GiB is allocated by PyTorch, and 1.31 GiB is reserved by PyTorch but unallocated. If reserved but unallocated memory is large try setting PYTORCH_CUDA_ALLOC_CONF=expandable_segments:True to avoid fragmentation.  See documentation for Memory Management  (https://pytorch.org/docs/stable/notes/cuda.html#environment-variables)
2025-01-19 17:59:06,148 - WARNING - Image too dark
2025-01-19 17:59:34,047 - WARNING - Image too dark
2025-01-19 18:00:02,566 - WARNING - Image too dark
2025-01-19 18:00:02,623 - INFO - Successfully processed: /home/anywhere3090l/Desktop/compalmtk/Dynamic-noise-AD-master/dataset/btad/three/train/good/0292.png
2025-01-19 18:00:45,920 - ERROR - Upscaling error: CUDA out of memory. Tried to allocate 1.50 GiB. GPU 0 has a total capacity of 23.69 GiB of which 292.62 MiB is free. Including non-PyTorch memory, this process has 11.06 GiB memory in use. Process 12049 has 12.31 GiB memory in use. Of the allocated memory 9.42 GiB is allocated by PyTorch, and 1.33 GiB is reserved by PyTorch but unallocated. If reserved but unallocated memory is large try setting PYTORCH_CUDA_ALLOC_CONF=expandable_segments:True to avoid fragmentation.  See documentation for Memory Management  (https://pytorch.org/docs/stable/notes/cuda.html#environment-variables)
2025-01-19 18:01:28,144 - ERROR - Upscaling error: CUDA out of memory. Tried to allocate 3.00 GiB. GPU 0 has a total capacity of 23.69 GiB of which 1.79 GiB is free. Including non-PyTorch memory, this process has 9.56 GiB memory in use. Process 12049 has 12.31 GiB memory in use. Of the allocated memory 5.67 GiB is allocated by PyTorch, and 3.58 GiB is reserved by PyTorch but unallocated. If reserved but unallocated memory is large try setting PYTORCH_CUDA_ALLOC_CONF=expandable_segments:True to avoid fragmentation.  See documentation for Memory Management  (https://pytorch.org/docs/stable/notes/cuda.html#environment-variables)
2025-01-19 18:02:13,663 - ERROR - Upscaling error: CUDA out of memory. Tried to allocate 1.50 GiB. GPU 0 has a total capacity of 23.69 GiB of which 1.04 GiB is free. Including non-PyTorch memory, this process has 10.31 GiB memory in use. Process 12049 has 12.31 GiB memory in use. Of the allocated memory 9.42 GiB is allocated by PyTorch, and 590.18 MiB is reserved by PyTorch but unallocated. If reserved but unallocated memory is large try setting PYTORCH_CUDA_ALLOC_CONF=expandable_segments:True to avoid fragmentation.  See documentation for Memory Management  (https://pytorch.org/docs/stable/notes/cuda.html#environment-variables)
2025-01-19 18:02:57,004 - ERROR - Upscaling error: CUDA out of memory. Tried to allocate 1.50 GiB. GPU 0 has a total capacity of 23.69 GiB of which 158.62 MiB is free. Including non-PyTorch memory, this process has 10.31 GiB memory in use. Process 12049 has 13.19 GiB memory in use. Of the allocated memory 7.92 GiB is allocated by PyTorch, and 2.08 GiB is reserved by PyTorch but unallocated. If reserved but unallocated memory is large try setting PYTORCH_CUDA_ALLOC_CONF=expandable_segments:True to avoid fragmentation.  See documentation for Memory Management  (https://pytorch.org/docs/stable/notes/cuda.html#environment-variables)
2025-01-19 18:02:57,051 - INFO - Successfully processed: /home/anywhere3090l/Desktop/compalmtk/Dynamic-noise-AD-master/dataset/btad/three/train/good/0060.png
2025-01-19 18:03:42,530 - ERROR - Upscaling error: CUDA out of memory. Tried to allocate 1.50 GiB. GPU 0 has a total capacity of 23.69 GiB of which 158.62 MiB is free. Including non-PyTorch memory, this process has 10.31 GiB memory in use. Process 12049 has 13.19 GiB memory in use. Of the allocated memory 9.42 GiB is allocated by PyTorch, and 590.18 MiB is reserved by PyTorch but unallocated. If reserved but unallocated memory is large try setting PYTORCH_CUDA_ALLOC_CONF=expandable_segments:True to avoid fragmentation.  See documentation for Memory Management  (https://pytorch.org/docs/stable/notes/cuda.html#environment-variables)
2025-01-19 18:04:29,103 - ERROR - Upscaling error: CUDA out of memory. Tried to allocate 3.00 GiB. GPU 0 has a total capacity of 23.69 GiB of which 1.65 GiB is free. Including non-PyTorch memory, this process has 8.81 GiB memory in use. Process 12049 has 13.19 GiB memory in use. Of the allocated memory 5.67 GiB is allocated by PyTorch, and 2.83 GiB is reserved by PyTorch but unallocated. If reserved but unallocated memory is large try setting PYTORCH_CUDA_ALLOC_CONF=expandable_segments:True to avoid fragmentation.  See documentation for Memory Management  (https://pytorch.org/docs/stable/notes/cuda.html#environment-variables)
2025-01-19 18:05:13,171 - ERROR - Upscaling error: CUDA out of memory. Tried to allocate 3.00 GiB. GPU 0 has a total capacity of 23.69 GiB of which 1.65 GiB is free. Including non-PyTorch memory, this process has 8.81 GiB memory in use. Process 12049 has 13.19 GiB memory in use. Of the allocated memory 5.67 GiB is allocated by PyTorch, and 2.83 GiB is reserved by PyTorch but unallocated. If reserved but unallocated memory is large try setting PYTORCH_CUDA_ALLOC_CONF=expandable_segments:True to avoid fragmentation.  See documentation for Memory Management  (https://pytorch.org/docs/stable/notes/cuda.html#environment-variables)
2025-01-19 18:06:01,435 - ERROR - Upscaling error: CUDA out of memory. Tried to allocate 3.00 GiB. GPU 0 has a total capacity of 23.69 GiB of which 1.65 GiB is free. Including non-PyTorch memory, this process has 8.81 GiB memory in use. Process 12049 has 13.19 GiB memory in use. Of the allocated memory 5.67 GiB is allocated by PyTorch, and 2.83 GiB is reserved by PyTorch but unallocated. If reserved but unallocated memory is large try setting PYTORCH_CUDA_ALLOC_CONF=expandable_segments:True to avoid fragmentation.  See documentation for Memory Management  (https://pytorch.org/docs/stable/notes/cuda.html#environment-variables)
2025-01-19 18:06:01,496 - INFO - Successfully processed: /home/anywhere3090l/Desktop/compalmtk/Dynamic-noise-AD-master/dataset/btad/three/train/good/0259.png
2025-01-19 18:06:46,264 - ERROR - Upscaling error: CUDA out of memory. Tried to allocate 1.50 GiB. GPU 0 has a total capacity of 23.69 GiB of which 158.62 MiB is free. Including non-PyTorch memory, this process has 10.31 GiB memory in use. Process 12049 has 13.19 GiB memory in use. Of the allocated memory 9.42 GiB is allocated by PyTorch, and 590.18 MiB is reserved by PyTorch but unallocated. If reserved but unallocated memory is large try setting PYTORCH_CUDA_ALLOC_CONF=expandable_segments:True to avoid fragmentation.  See documentation for Memory Management  (https://pytorch.org/docs/stable/notes/cuda.html#environment-variables)
2025-01-19 18:07:28,124 - WARNING - Image too dark
2025-01-19 18:07:58,624 - WARNING - Image too dark
2025-01-19 18:08:30,172 - WARNING - Image too dark
2025-01-19 18:08:30,227 - INFO - Successfully processed: /home/anywhere3090l/Desktop/compalmtk/Dynamic-noise-AD-master/dataset/btad/three/train/good/0694.png
2025-01-19 18:09:18,307 - ERROR - Upscaling error: CUDA out of memory. Tried to allocate 1.50 GiB. GPU 0 has a total capacity of 23.69 GiB of which 1.04 GiB is free. Including non-PyTorch memory, this process has 10.31 GiB memory in use. Process 12049 has 12.31 GiB memory in use. Of the allocated memory 9.42 GiB is allocated by PyTorch, and 590.18 MiB is reserved by PyTorch but unallocated. If reserved but unallocated memory is large try setting PYTORCH_CUDA_ALLOC_CONF=expandable_segments:True to avoid fragmentation.  See documentation for Memory Management  (https://pytorch.org/docs/stable/notes/cuda.html#environment-variables)
2025-01-19 18:10:04,011 - ERROR - Upscaling error: CUDA out of memory. Tried to allocate 3.00 GiB. GPU 0 has a total capacity of 23.69 GiB of which 1.65 GiB is free. Including non-PyTorch memory, this process has 8.81 GiB memory in use. Process 12049 has 13.19 GiB memory in use. Of the allocated memory 5.67 GiB is allocated by PyTorch, and 2.83 GiB is reserved by PyTorch but unallocated. If reserved but unallocated memory is large try setting PYTORCH_CUDA_ALLOC_CONF=expandable_segments:True to avoid fragmentation.  See documentation for Memory Management  (https://pytorch.org/docs/stable/notes/cuda.html#environment-variables)
2025-01-19 18:10:52,963 - ERROR - Upscaling error: CUDA out of memory. Tried to allocate 3.00 GiB. GPU 0 has a total capacity of 23.69 GiB of which 1.65 GiB is free. Including non-PyTorch memory, this process has 8.81 GiB memory in use. Process 12049 has 13.19 GiB memory in use. Of the allocated memory 5.67 GiB is allocated by PyTorch, and 2.83 GiB is reserved by PyTorch but unallocated. If reserved but unallocated memory is large try setting PYTORCH_CUDA_ALLOC_CONF=expandable_segments:True to avoid fragmentation.  See documentation for Memory Management  (https://pytorch.org/docs/stable/notes/cuda.html#environment-variables)
2025-01-19 18:11:40,427 - ERROR - Upscaling error: CUDA out of memory. Tried to allocate 3.00 GiB. GPU 0 has a total capacity of 23.69 GiB of which 1.65 GiB is free. Including non-PyTorch memory, this process has 8.81 GiB memory in use. Process 12049 has 13.19 GiB memory in use. Of the allocated memory 5.67 GiB is allocated by PyTorch, and 2.83 GiB is reserved by PyTorch but unallocated. If reserved but unallocated memory is large try setting PYTORCH_CUDA_ALLOC_CONF=expandable_segments:True to avoid fragmentation.  See documentation for Memory Management  (https://pytorch.org/docs/stable/notes/cuda.html#environment-variables)
2025-01-19 18:11:40,499 - INFO - Successfully processed: /home/anywhere3090l/Desktop/compalmtk/Dynamic-noise-AD-master/dataset/btad/three/train/good/0528.png
2025-01-19 18:12:24,405 - WARNING - Image too dark
2025-01-19 18:12:48,859 - WARNING - Image too dark
2025-01-19 18:13:13,548 - WARNING - Image too dark
2025-01-19 18:13:39,001 - WARNING - Image too dark
2025-01-19 18:13:39,057 - INFO - Successfully processed: /home/anywhere3090l/Desktop/compalmtk/Dynamic-noise-AD-master/dataset/btad/three/train/good/0038.png
2025-01-19 18:14:26,571 - ERROR - Upscaling error: CUDA out of memory. Tried to allocate 1.50 GiB. GPU 0 has a total capacity of 23.69 GiB of which 1.04 GiB is free. Including non-PyTorch memory, this process has 10.31 GiB memory in use. Process 12049 has 12.31 GiB memory in use. Of the allocated memory 9.42 GiB is allocated by PyTorch, and 590.18 MiB is reserved by PyTorch but unallocated. If reserved but unallocated memory is large try setting PYTORCH_CUDA_ALLOC_CONF=expandable_segments:True to avoid fragmentation.  See documentation for Memory Management  (https://pytorch.org/docs/stable/notes/cuda.html#environment-variables)
2025-01-19 18:15:13,555 - ERROR - Upscaling error: CUDA out of memory. Tried to allocate 3.00 GiB. GPU 0 has a total capacity of 23.69 GiB of which 1.65 GiB is free. Including non-PyTorch memory, this process has 8.81 GiB memory in use. Process 12049 has 13.19 GiB memory in use. Of the allocated memory 5.67 GiB is allocated by PyTorch, and 2.83 GiB is reserved by PyTorch but unallocated. If reserved but unallocated memory is large try setting PYTORCH_CUDA_ALLOC_CONF=expandable_segments:True to avoid fragmentation.  See documentation for Memory Management  (https://pytorch.org/docs/stable/notes/cuda.html#environment-variables)
2025-01-19 18:16:03,091 - ERROR - Upscaling error: CUDA out of memory. Tried to allocate 3.00 GiB. GPU 0 has a total capacity of 23.69 GiB of which 1.65 GiB is free. Including non-PyTorch memory, this process has 8.81 GiB memory in use. Process 12049 has 13.19 GiB memory in use. Of the allocated memory 5.67 GiB is allocated by PyTorch, and 2.83 GiB is reserved by PyTorch but unallocated. If reserved but unallocated memory is large try setting PYTORCH_CUDA_ALLOC_CONF=expandable_segments:True to avoid fragmentation.  See documentation for Memory Management  (https://pytorch.org/docs/stable/notes/cuda.html#environment-variables)
2025-01-19 18:16:50,811 - ERROR - Upscaling error: CUDA out of memory. Tried to allocate 3.00 GiB. GPU 0 has a total capacity of 23.69 GiB of which 1.65 GiB is free. Including non-PyTorch memory, this process has 8.81 GiB memory in use. Process 12049 has 13.19 GiB memory in use. Of the allocated memory 5.67 GiB is allocated by PyTorch, and 2.83 GiB is reserved by PyTorch but unallocated. If reserved but unallocated memory is large try setting PYTORCH_CUDA_ALLOC_CONF=expandable_segments:True to avoid fragmentation.  See documentation for Memory Management  (https://pytorch.org/docs/stable/notes/cuda.html#environment-variables)
2025-01-19 18:16:50,861 - INFO - Successfully processed: /home/anywhere3090l/Desktop/compalmtk/Dynamic-noise-AD-master/dataset/btad/three/train/good/0046.png
2025-01-19 18:17:39,270 - WARNING - Image too dark
2025-01-19 18:18:13,759 - WARNING - Image too dark
2025-01-19 18:18:45,989 - WARNING - Image too dark
2025-01-19 18:19:19,319 - WARNING - Image too dark
2025-01-19 18:19:19,376 - INFO - Successfully processed: /home/anywhere3090l/Desktop/compalmtk/Dynamic-noise-AD-master/dataset/btad/three/train/good/0541.png
2025-01-19 18:20:12,781 - ERROR - Upscaling error: CUDA out of memory. Tried to allocate 1.50 GiB. GPU 0 has a total capacity of 23.69 GiB of which 1.04 GiB is free. Including non-PyTorch memory, this process has 10.31 GiB memory in use. Process 12049 has 12.31 GiB memory in use. Of the allocated memory 9.42 GiB is allocated by PyTorch, and 590.18 MiB is reserved by PyTorch but unallocated. If reserved but unallocated memory is large try setting PYTORCH_CUDA_ALLOC_CONF=expandable_segments:True to avoid fragmentation.  See documentation for Memory Management  (https://pytorch.org/docs/stable/notes/cuda.html#environment-variables)
2025-01-19 18:20:59,666 - WARNING - Image too dark
2025-01-19 18:21:34,585 - WARNING - Image too dark
2025-01-19 18:22:09,807 - WARNING - Image too dark
2025-01-19 18:22:09,853 - INFO - Successfully processed: /home/anywhere3090l/Desktop/compalmtk/Dynamic-noise-AD-master/dataset/btad/three/train/good/0838.png
2025-01-19 18:23:03,331 - ERROR - Upscaling error: CUDA out of memory. Tried to allocate 1.50 GiB. GPU 0 has a total capacity of 23.69 GiB of which 1.04 GiB is free. Including non-PyTorch memory, this process has 10.31 GiB memory in use. Process 12049 has 12.31 GiB memory in use. Of the allocated memory 9.42 GiB is allocated by PyTorch, and 590.18 MiB is reserved by PyTorch but unallocated. If reserved but unallocated memory is large try setting PYTORCH_CUDA_ALLOC_CONF=expandable_segments:True to avoid fragmentation.  See documentation for Memory Management  (https://pytorch.org/docs/stable/notes/cuda.html#environment-variables)
2025-01-19 18:23:51,459 - WARNING - Image too dark
2025-01-19 18:24:25,561 - WARNING - Image too dark
2025-01-19 18:25:01,769 - WARNING - Image too dark
2025-01-19 18:25:01,822 - INFO - Successfully processed: /home/anywhere3090l/Desktop/compalmtk/Dynamic-noise-AD-master/dataset/btad/three/train/good/0872.png
2025-01-19 18:25:55,839 - ERROR - Upscaling error: CUDA out of memory. Tried to allocate 1.50 GiB. GPU 0 has a total capacity of 23.69 GiB of which 1.04 GiB is free. Including non-PyTorch memory, this process has 10.31 GiB memory in use. Process 12049 has 12.31 GiB memory in use. Of the allocated memory 9.42 GiB is allocated by PyTorch, and 590.18 MiB is reserved by PyTorch but unallocated. If reserved but unallocated memory is large try setting PYTORCH_CUDA_ALLOC_CONF=expandable_segments:True to avoid fragmentation.  See documentation for Memory Management  (https://pytorch.org/docs/stable/notes/cuda.html#environment-variables)
2025-01-19 18:26:44,748 - WARNING - Image too dark
2025-01-19 18:27:18,867 - WARNING - Image too dark
2025-01-19 18:27:55,203 - WARNING - Image too dark
2025-01-19 18:27:55,253 - INFO - Successfully processed: /home/anywhere3090l/Desktop/compalmtk/Dynamic-noise-AD-master/dataset/btad/three/train/good/0213.png
2025-01-19 18:28:48,527 - ERROR - Upscaling error: CUDA out of memory. Tried to allocate 1.50 GiB. GPU 0 has a total capacity of 23.69 GiB of which 1.04 GiB is free. Including non-PyTorch memory, this process has 10.31 GiB memory in use. Process 12049 has 12.31 GiB memory in use. Of the allocated memory 9.42 GiB is allocated by PyTorch, and 590.18 MiB is reserved by PyTorch but unallocated. If reserved but unallocated memory is large try setting PYTORCH_CUDA_ALLOC_CONF=expandable_segments:True to avoid fragmentation.  See documentation for Memory Management  (https://pytorch.org/docs/stable/notes/cuda.html#environment-variables)
2025-01-19 18:29:37,844 - WARNING - Image too dark
2025-01-19 18:30:12,610 - WARNING - Image too dark
2025-01-19 18:30:49,069 - WARNING - Image too dark
2025-01-19 18:30:49,120 - INFO - Successfully processed: /home/anywhere3090l/Desktop/compalmtk/Dynamic-noise-AD-master/dataset/btad/three/train/good/0611.png
2025-01-19 18:31:41,671 - ERROR - Upscaling error: CUDA out of memory. Tried to allocate 1.50 GiB. GPU 0 has a total capacity of 23.69 GiB of which 1.04 GiB is free. Including non-PyTorch memory, this process has 10.31 GiB memory in use. Process 12049 has 12.31 GiB memory in use. Of the allocated memory 9.42 GiB is allocated by PyTorch, and 590.18 MiB is reserved by PyTorch but unallocated. If reserved but unallocated memory is large try setting PYTORCH_CUDA_ALLOC_CONF=expandable_segments:True to avoid fragmentation.  See documentation for Memory Management  (https://pytorch.org/docs/stable/notes/cuda.html#environment-variables)
2025-01-19 18:32:32,587 - ERROR - Upscaling error: CUDA out of memory. Tried to allocate 3.00 GiB. GPU 0 has a total capacity of 23.69 GiB of which 1.66 GiB is free. Including non-PyTorch memory, this process has 8.81 GiB memory in use. Process 12049 has 13.19 GiB memory in use. Of the allocated memory 5.67 GiB is allocated by PyTorch, and 2.83 GiB is reserved by PyTorch but unallocated. If reserved but unallocated memory is large try setting PYTORCH_CUDA_ALLOC_CONF=expandable_segments:True to avoid fragmentation.  See documentation for Memory Management  (https://pytorch.org/docs/stable/notes/cuda.html#environment-variables)
2025-01-19 18:33:26,703 - ERROR - Upscaling error: CUDA out of memory. Tried to allocate 3.00 GiB. GPU 0 has a total capacity of 23.69 GiB of which 1.66 GiB is free. Including non-PyTorch memory, this process has 8.81 GiB memory in use. Process 12049 has 13.19 GiB memory in use. Of the allocated memory 5.67 GiB is allocated by PyTorch, and 2.83 GiB is reserved by PyTorch but unallocated. If reserved but unallocated memory is large try setting PYTORCH_CUDA_ALLOC_CONF=expandable_segments:True to avoid fragmentation.  See documentation for Memory Management  (https://pytorch.org/docs/stable/notes/cuda.html#environment-variables)
2025-01-19 18:34:16,680 - WARNING - Image too dark
2025-01-19 18:34:16,726 - INFO - Successfully processed: /home/anywhere3090l/Desktop/compalmtk/Dynamic-noise-AD-master/dataset/btad/three/train/good/0913.png
2025-01-19 18:35:13,745 - WARNING - Image too dark
2025-01-19 18:36:03,513 - WARNING - Image too dark
2025-01-19 18:36:42,540 - WARNING - Image too dark
2025-01-19 18:37:20,430 - WARNING - Image too dark
2025-01-19 18:37:20,478 - INFO - Successfully processed: /home/anywhere3090l/Desktop/compalmtk/Dynamic-noise-AD-master/dataset/btad/three/train/good/0113.png
2025-01-19 18:38:17,507 - WARNING - Image too dark
2025-01-19 18:39:07,761 - WARNING - Image too dark
2025-01-19 18:39:46,485 - WARNING - Image too dark
2025-01-19 18:40:25,567 - WARNING - Image too dark
2025-01-19 18:40:25,621 - INFO - Successfully processed: /home/anywhere3090l/Desktop/compalmtk/Dynamic-noise-AD-master/dataset/btad/three/train/good/0864.png
2025-01-19 18:41:22,967 - WARNING - Image too dark
2025-01-19 18:42:13,976 - WARNING - Image too dark
2025-01-19 18:42:53,545 - WARNING - Image too dark
2025-01-19 18:43:32,502 - WARNING - Image too dark
2025-01-19 18:43:32,542 - INFO - Successfully processed: /home/anywhere3090l/Desktop/compalmtk/Dynamic-noise-AD-master/dataset/btad/three/train/good/0107.png
2025-01-19 18:44:30,429 - WARNING - Image too dark
2025-01-19 18:45:20,783 - WARNING - Image too dark
2025-01-19 18:46:00,223 - WARNING - Image too dark
2025-01-19 18:46:38,901 - WARNING - Image too dark
2025-01-19 18:46:38,954 - INFO - Successfully processed: /home/anywhere3090l/Desktop/compalmtk/Dynamic-noise-AD-master/dataset/btad/three/train/good/0012.png
2025-01-19 18:47:36,857 - WARNING - Image too dark
2025-01-19 18:48:27,494 - WARNING - Image too dark
2025-01-19 18:49:06,439 - WARNING - Image too dark
2025-01-19 18:49:45,315 - WARNING - Image too dark
2025-01-19 18:49:45,369 - INFO - Successfully processed: /home/anywhere3090l/Desktop/compalmtk/Dynamic-noise-AD-master/dataset/btad/three/train/good/0276.png
2025-01-19 18:50:43,282 - WARNING - Image too dark
2025-01-19 18:51:34,379 - WARNING - Image too dark
2025-01-19 18:52:13,882 - WARNING - Image too dark
2025-01-19 18:52:53,897 - WARNING - Image too dark
2025-01-19 18:52:53,952 - INFO - Successfully processed: /home/anywhere3090l/Desktop/compalmtk/Dynamic-noise-AD-master/dataset/btad/three/train/good/0784.png
2025-01-19 18:53:52,408 - WARNING - Image too dark
2025-01-19 18:54:43,658 - WARNING - Image too dark
2025-01-19 18:55:22,678 - WARNING - Image too dark
2025-01-19 18:56:02,731 - WARNING - Image too dark
2025-01-19 18:56:02,787 - INFO - Successfully processed: /home/anywhere3090l/Desktop/compalmtk/Dynamic-noise-AD-master/dataset/btad/three/train/good/0799.png
2025-01-19 18:57:01,396 - WARNING - Image too dark
2025-01-19 18:57:52,072 - WARNING - Image too dark
2025-01-19 18:58:30,972 - WARNING - Image too dark
2025-01-19 18:59:11,167 - WARNING - Image too dark
2025-01-19 18:59:11,222 - INFO - Successfully processed: /home/anywhere3090l/Desktop/compalmtk/Dynamic-noise-AD-master/dataset/btad/three/train/good/0561.png
2025-01-19 19:00:08,042 - ERROR - Upscaling error: CUDA out of memory. Tried to allocate 1.50 GiB. GPU 0 has a total capacity of 23.69 GiB of which 160.62 MiB is free. Including non-PyTorch memory, this process has 10.31 GiB memory in use. Process 12049 has 13.19 GiB memory in use. Of the allocated memory 9.42 GiB is allocated by PyTorch, and 590.18 MiB is reserved by PyTorch but unallocated. If reserved but unallocated memory is large try setting PYTORCH_CUDA_ALLOC_CONF=expandable_segments:True to avoid fragmentation.  See documentation for Memory Management  (https://pytorch.org/docs/stable/notes/cuda.html#environment-variables)
2025-01-19 19:00:59,567 - WARNING - Image too dark
2025-01-19 19:01:35,414 - WARNING - Image too dark
2025-01-19 19:02:12,897 - WARNING - Image too dark
2025-01-19 19:02:12,944 - INFO - Successfully processed: /home/anywhere3090l/Desktop/compalmtk/Dynamic-noise-AD-master/dataset/btad/three/train/good/0971.png
2025-01-19 19:02:50,154 - INFO - Found 1000 PNG files to process
2025-01-19 19:02:50,155 - INFO - Processing image 1/1000: /home/anywhere3090l/Desktop/compalmtk/Dynamic-noise-AD-master/dataset/btad/three/train/good/0294.png
2025-01-19 19:02:59,831 - ERROR - Upscaling error: CUDA out of memory. Tried to allocate 1.50 GiB. GPU 0 has a total capacity of 23.69 GiB of which 884.62 MiB is free. Including non-PyTorch memory, this process has 11.48 GiB memory in use. Process 12049 has 11.31 GiB memory in use. Of the allocated memory 8.92 GiB is allocated by PyTorch, and 2.25 GiB is reserved by PyTorch but unallocated. If reserved but unallocated memory is large try setting PYTORCH_CUDA_ALLOC_CONF=expandable_segments:True to avoid fragmentation.  See documentation for Memory Management  (https://pytorch.org/docs/stable/notes/cuda.html#environment-variables)
2025-01-19 19:04:26,359 - ERROR - Upscaling error: CUDA out of memory. Tried to allocate 2.00 GiB. GPU 0 has a total capacity of 23.69 GiB of which 1.61 GiB is free. Including non-PyTorch memory, this process has 10.74 GiB memory in use. Process 12049 has 11.31 GiB memory in use. Of the allocated memory 8.53 GiB is allocated by PyTorch, and 1.90 GiB is reserved by PyTorch but unallocated. If reserved but unallocated memory is large try setting PYTORCH_CUDA_ALLOC_CONF=expandable_segments:True to avoid fragmentation.  See documentation for Memory Management  (https://pytorch.org/docs/stable/notes/cuda.html#environment-variables)
2025-01-19 19:04:29,138 - ERROR - Upscaling error: CUDA out of memory. Tried to allocate 1.50 GiB. GPU 0 has a total capacity of 23.69 GiB of which 1.11 GiB is free. Including non-PyTorch memory, this process has 11.24 GiB memory in use. Process 12049 has 11.31 GiB memory in use. Of the allocated memory 8.99 GiB is allocated by PyTorch, and 1.94 GiB is reserved by PyTorch but unallocated. If reserved but unallocated memory is large try setting PYTORCH_CUDA_ALLOC_CONF=expandable_segments:True to avoid fragmentation.  See documentation for Memory Management  (https://pytorch.org/docs/stable/notes/cuda.html#environment-variables)
2025-01-19 19:04:36,210 - ERROR - Upscaling error: CUDA out of memory. Tried to allocate 512.00 MiB. GPU 0 has a total capacity of 23.69 GiB of which 206.62 MiB is free. Including non-PyTorch memory, this process has 12.14 GiB memory in use. Process 12049 has 11.31 GiB memory in use. Of the allocated memory 10.68 GiB is allocated by PyTorch, and 1.15 GiB is reserved by PyTorch but unallocated. If reserved but unallocated memory is large try setting PYTORCH_CUDA_ALLOC_CONF=expandable_segments:True to avoid fragmentation.  See documentation for Memory Management  (https://pytorch.org/docs/stable/notes/cuda.html#environment-variables)
2025-01-19 19:04:36,282 - INFO - Successfully processed: /home/anywhere3090l/Desktop/compalmtk/Dynamic-noise-AD-master/dataset/btad/three/train/good/0294.png
2025-01-19 19:04:36,531 - INFO - Processing image 2/1000: /home/anywhere3090l/Desktop/compalmtk/Dynamic-noise-AD-master/dataset/btad/three/train/good/0429.png
2025-01-19 19:04:37,118 - ERROR - Upscaling error: CUDA out of memory. Tried to allocate 512.00 MiB. GPU 0 has a total capacity of 23.69 GiB of which 250.62 MiB is free. Including non-PyTorch memory, this process has 12.10 GiB memory in use. Process 12049 has 11.31 GiB memory in use. Of the allocated memory 10.68 GiB is allocated by PyTorch, and 1.11 GiB is reserved by PyTorch but unallocated. If reserved but unallocated memory is large try setting PYTORCH_CUDA_ALLOC_CONF=expandable_segments:True to avoid fragmentation.  See documentation for Memory Management  (https://pytorch.org/docs/stable/notes/cuda.html#environment-variables)
2025-01-19 19:04:38,114 - ERROR - Upscaling error: CUDA out of memory. Tried to allocate 512.00 MiB. GPU 0 has a total capacity of 23.69 GiB of which 250.62 MiB is free. Including non-PyTorch memory, this process has 12.10 GiB memory in use. Process 12049 has 11.31 GiB memory in use. Of the allocated memory 10.68 GiB is allocated by PyTorch, and 1.11 GiB is reserved by PyTorch but unallocated. If reserved but unallocated memory is large try setting PYTORCH_CUDA_ALLOC_CONF=expandable_segments:True to avoid fragmentation.  See documentation for Memory Management  (https://pytorch.org/docs/stable/notes/cuda.html#environment-variables)
2025-01-19 19:04:38,866 - ERROR - Upscaling error: CUDA out of memory. Tried to allocate 512.00 MiB. GPU 0 has a total capacity of 23.69 GiB of which 250.62 MiB is free. Including non-PyTorch memory, this process has 12.10 GiB memory in use. Process 12049 has 11.31 GiB memory in use. Of the allocated memory 10.68 GiB is allocated by PyTorch, and 1.11 GiB is reserved by PyTorch but unallocated. If reserved but unallocated memory is large try setting PYTORCH_CUDA_ALLOC_CONF=expandable_segments:True to avoid fragmentation.  See documentation for Memory Management  (https://pytorch.org/docs/stable/notes/cuda.html#environment-variables)
2025-01-19 19:04:42,663 - ERROR - Upscaling error: CUDA out of memory. Tried to allocate 512.00 MiB. GPU 0 has a total capacity of 23.69 GiB of which 250.62 MiB is free. Including non-PyTorch memory, this process has 12.10 GiB memory in use. Process 12049 has 11.31 GiB memory in use. Of the allocated memory 10.68 GiB is allocated by PyTorch, and 1.11 GiB is reserved by PyTorch but unallocated. If reserved but unallocated memory is large try setting PYTORCH_CUDA_ALLOC_CONF=expandable_segments:True to avoid fragmentation.  See documentation for Memory Management  (https://pytorch.org/docs/stable/notes/cuda.html#environment-variables)
2025-01-19 19:04:42,750 - INFO - Successfully processed: /home/anywhere3090l/Desktop/compalmtk/Dynamic-noise-AD-master/dataset/btad/three/train/good/0429.png
2025-01-19 19:04:43,014 - INFO - Processing image 3/1000: /home/anywhere3090l/Desktop/compalmtk/Dynamic-noise-AD-master/dataset/btad/three/train/good/0394.png
2025-01-19 19:04:43,574 - ERROR - Upscaling error: CUDA out of memory. Tried to allocate 512.00 MiB. GPU 0 has a total capacity of 23.69 GiB of which 250.62 MiB is free. Including non-PyTorch memory, this process has 12.10 GiB memory in use. Process 12049 has 11.31 GiB memory in use. Of the allocated memory 10.68 GiB is allocated by PyTorch, and 1.11 GiB is reserved by PyTorch but unallocated. If reserved but unallocated memory is large try setting PYTORCH_CUDA_ALLOC_CONF=expandable_segments:True to avoid fragmentation.  See documentation for Memory Management  (https://pytorch.org/docs/stable/notes/cuda.html#environment-variables)
2025-01-19 19:04:44,550 - ERROR - Upscaling error: CUDA out of memory. Tried to allocate 512.00 MiB. GPU 0 has a total capacity of 23.69 GiB of which 250.62 MiB is free. Including non-PyTorch memory, this process has 12.10 GiB memory in use. Process 12049 has 11.31 GiB memory in use. Of the allocated memory 10.68 GiB is allocated by PyTorch, and 1.11 GiB is reserved by PyTorch but unallocated. If reserved but unallocated memory is large try setting PYTORCH_CUDA_ALLOC_CONF=expandable_segments:True to avoid fragmentation.  See documentation for Memory Management  (https://pytorch.org/docs/stable/notes/cuda.html#environment-variables)
2025-01-19 19:04:45,378 - ERROR - Upscaling error: CUDA out of memory. Tried to allocate 512.00 MiB. GPU 0 has a total capacity of 23.69 GiB of which 250.62 MiB is free. Including non-PyTorch memory, this process has 12.10 GiB memory in use. Process 12049 has 11.31 GiB memory in use. Of the allocated memory 10.68 GiB is allocated by PyTorch, and 1.11 GiB is reserved by PyTorch but unallocated. If reserved but unallocated memory is large try setting PYTORCH_CUDA_ALLOC_CONF=expandable_segments:True to avoid fragmentation.  See documentation for Memory Management  (https://pytorch.org/docs/stable/notes/cuda.html#environment-variables)
2025-01-19 19:04:49,094 - ERROR - Upscaling error: CUDA out of memory. Tried to allocate 512.00 MiB. GPU 0 has a total capacity of 23.69 GiB of which 250.62 MiB is free. Including non-PyTorch memory, this process has 12.10 GiB memory in use. Process 12049 has 11.31 GiB memory in use. Of the allocated memory 10.68 GiB is allocated by PyTorch, and 1.11 GiB is reserved by PyTorch but unallocated. If reserved but unallocated memory is large try setting PYTORCH_CUDA_ALLOC_CONF=expandable_segments:True to avoid fragmentation.  See documentation for Memory Management  (https://pytorch.org/docs/stable/notes/cuda.html#environment-variables)
2025-01-19 19:04:49,169 - INFO - Successfully processed: /home/anywhere3090l/Desktop/compalmtk/Dynamic-noise-AD-master/dataset/btad/three/train/good/0394.png
2025-01-19 19:04:49,407 - INFO - Processing image 4/1000: /home/anywhere3090l/Desktop/compalmtk/Dynamic-noise-AD-master/dataset/btad/three/train/good/0419.png
2025-01-19 19:04:49,974 - ERROR - Upscaling error: CUDA out of memory. Tried to allocate 512.00 MiB. GPU 0 has a total capacity of 23.69 GiB of which 250.62 MiB is free. Including non-PyTorch memory, this process has 12.10 GiB memory in use. Process 12049 has 11.31 GiB memory in use. Of the allocated memory 10.68 GiB is allocated by PyTorch, and 1.11 GiB is reserved by PyTorch but unallocated. If reserved but unallocated memory is large try setting PYTORCH_CUDA_ALLOC_CONF=expandable_segments:True to avoid fragmentation.  See documentation for Memory Management  (https://pytorch.org/docs/stable/notes/cuda.html#environment-variables)
2025-01-19 19:04:50,874 - ERROR - Upscaling error: CUDA out of memory. Tried to allocate 512.00 MiB. GPU 0 has a total capacity of 23.69 GiB of which 250.62 MiB is free. Including non-PyTorch memory, this process has 12.10 GiB memory in use. Process 12049 has 11.31 GiB memory in use. Of the allocated memory 10.68 GiB is allocated by PyTorch, and 1.11 GiB is reserved by PyTorch but unallocated. If reserved but unallocated memory is large try setting PYTORCH_CUDA_ALLOC_CONF=expandable_segments:True to avoid fragmentation.  See documentation for Memory Management  (https://pytorch.org/docs/stable/notes/cuda.html#environment-variables)
2025-01-19 19:04:51,606 - ERROR - Upscaling error: CUDA out of memory. Tried to allocate 512.00 MiB. GPU 0 has a total capacity of 23.69 GiB of which 250.62 MiB is free. Including non-PyTorch memory, this process has 12.10 GiB memory in use. Process 12049 has 11.31 GiB memory in use. Of the allocated memory 10.68 GiB is allocated by PyTorch, and 1.11 GiB is reserved by PyTorch but unallocated. If reserved but unallocated memory is large try setting PYTORCH_CUDA_ALLOC_CONF=expandable_segments:True to avoid fragmentation.  See documentation for Memory Management  (https://pytorch.org/docs/stable/notes/cuda.html#environment-variables)
2025-01-19 19:04:55,166 - ERROR - Upscaling error: CUDA out of memory. Tried to allocate 512.00 MiB. GPU 0 has a total capacity of 23.69 GiB of which 250.62 MiB is free. Including non-PyTorch memory, this process has 12.10 GiB memory in use. Process 12049 has 11.31 GiB memory in use. Of the allocated memory 10.68 GiB is allocated by PyTorch, and 1.11 GiB is reserved by PyTorch but unallocated. If reserved but unallocated memory is large try setting PYTORCH_CUDA_ALLOC_CONF=expandable_segments:True to avoid fragmentation.  See documentation for Memory Management  (https://pytorch.org/docs/stable/notes/cuda.html#environment-variables)
2025-01-19 19:04:55,246 - INFO - Successfully processed: /home/anywhere3090l/Desktop/compalmtk/Dynamic-noise-AD-master/dataset/btad/three/train/good/0419.png
2025-01-19 19:04:55,485 - INFO - Processing image 5/1000: /home/anywhere3090l/Desktop/compalmtk/Dynamic-noise-AD-master/dataset/btad/three/train/good/0466.png
2025-01-19 19:04:56,037 - ERROR - Upscaling error: CUDA out of memory. Tried to allocate 512.00 MiB. GPU 0 has a total capacity of 23.69 GiB of which 250.62 MiB is free. Including non-PyTorch memory, this process has 12.10 GiB memory in use. Process 12049 has 11.31 GiB memory in use. Of the allocated memory 10.68 GiB is allocated by PyTorch, and 1.11 GiB is reserved by PyTorch but unallocated. If reserved but unallocated memory is large try setting PYTORCH_CUDA_ALLOC_CONF=expandable_segments:True to avoid fragmentation.  See documentation for Memory Management  (https://pytorch.org/docs/stable/notes/cuda.html#environment-variables)
2025-01-19 19:04:56,922 - ERROR - Upscaling error: CUDA out of memory. Tried to allocate 512.00 MiB. GPU 0 has a total capacity of 23.69 GiB of which 250.62 MiB is free. Including non-PyTorch memory, this process has 12.10 GiB memory in use. Process 12049 has 11.31 GiB memory in use. Of the allocated memory 10.68 GiB is allocated by PyTorch, and 1.11 GiB is reserved by PyTorch but unallocated. If reserved but unallocated memory is large try setting PYTORCH_CUDA_ALLOC_CONF=expandable_segments:True to avoid fragmentation.  See documentation for Memory Management  (https://pytorch.org/docs/stable/notes/cuda.html#environment-variables)
2025-01-19 19:04:57,662 - ERROR - Upscaling error: CUDA out of memory. Tried to allocate 512.00 MiB. GPU 0 has a total capacity of 23.69 GiB of which 250.62 MiB is free. Including non-PyTorch memory, this process has 12.10 GiB memory in use. Process 12049 has 11.31 GiB memory in use. Of the allocated memory 10.68 GiB is allocated by PyTorch, and 1.11 GiB is reserved by PyTorch but unallocated. If reserved but unallocated memory is large try setting PYTORCH_CUDA_ALLOC_CONF=expandable_segments:True to avoid fragmentation.  See documentation for Memory Management  (https://pytorch.org/docs/stable/notes/cuda.html#environment-variables)
2025-01-19 19:05:01,242 - ERROR - Upscaling error: CUDA out of memory. Tried to allocate 512.00 MiB. GPU 0 has a total capacity of 23.69 GiB of which 250.62 MiB is free. Including non-PyTorch memory, this process has 12.10 GiB memory in use. Process 12049 has 11.31 GiB memory in use. Of the allocated memory 10.68 GiB is allocated by PyTorch, and 1.11 GiB is reserved by PyTorch but unallocated. If reserved but unallocated memory is large try setting PYTORCH_CUDA_ALLOC_CONF=expandable_segments:True to avoid fragmentation.  See documentation for Memory Management  (https://pytorch.org/docs/stable/notes/cuda.html#environment-variables)
2025-01-19 19:05:01,319 - INFO - Successfully processed: /home/anywhere3090l/Desktop/compalmtk/Dynamic-noise-AD-master/dataset/btad/three/train/good/0466.png
2025-01-19 19:05:01,557 - INFO - Processing image 6/1000: /home/anywhere3090l/Desktop/compalmtk/Dynamic-noise-AD-master/dataset/btad/three/train/good/0292.png
2025-01-19 19:05:04,407 - ERROR - Upscaling error: CUDA out of memory. Tried to allocate 1.50 GiB. GPU 0 has a total capacity of 23.69 GiB of which 256.62 MiB is free. Including non-PyTorch memory, this process has 12.10 GiB memory in use. Process 12049 has 11.30 GiB memory in use. Of the allocated memory 11.00 GiB is allocated by PyTorch, and 812.77 MiB is reserved by PyTorch but unallocated. If reserved but unallocated memory is large try setting PYTORCH_CUDA_ALLOC_CONF=expandable_segments:True to avoid fragmentation.  See documentation for Memory Management  (https://pytorch.org/docs/stable/notes/cuda.html#environment-variables)
2025-01-19 19:07:14,437 - ERROR - Upscaling error: CUDA out of memory. Tried to allocate 2.00 GiB. GPU 0 has a total capacity of 23.69 GiB of which 1.25 GiB is free. Including non-PyTorch memory, this process has 18.10 GiB memory in use. Process 12049 has 4.30 GiB memory in use. Of the allocated memory 15.05 GiB is allocated by PyTorch, and 2.74 GiB is reserved by PyTorch but unallocated. If reserved but unallocated memory is large try setting PYTORCH_CUDA_ALLOC_CONF=expandable_segments:True to avoid fragmentation.  See documentation for Memory Management  (https://pytorch.org/docs/stable/notes/cuda.html#environment-variables)
2025-01-19 19:08:16,902 - ERROR - Upscaling error: CUDA out of memory. Tried to allocate 2.00 GiB. GPU 0 has a total capacity of 23.69 GiB of which 894.62 MiB is free. Including non-PyTorch memory, this process has 18.10 GiB memory in use. Process 12049 has 4.68 GiB memory in use. Of the allocated memory 15.05 GiB is allocated by PyTorch, and 2.74 GiB is reserved by PyTorch but unallocated. If reserved but unallocated memory is large try setting PYTORCH_CUDA_ALLOC_CONF=expandable_segments:True to avoid fragmentation.  See documentation for Memory Management  (https://pytorch.org/docs/stable/notes/cuda.html#environment-variables)
2025-01-19 19:08:16,987 - INFO - Successfully processed: /home/anywhere3090l/Desktop/compalmtk/Dynamic-noise-AD-master/dataset/btad/three/train/good/0292.png
2025-01-19 19:08:17,233 - INFO - Processing image 7/1000: /home/anywhere3090l/Desktop/compalmtk/Dynamic-noise-AD-master/dataset/btad/three/train/good/0060.png
2025-01-19 19:08:23,611 - ERROR - Upscaling error: CUDA out of memory. Tried to allocate 1.50 GiB. GPU 0 has a total capacity of 23.69 GiB of which 1020.62 MiB is free. Including non-PyTorch memory, this process has 12.85 GiB memory in use. Process 12049 has 9.81 GiB memory in use. Of the allocated memory 11.00 GiB is allocated by PyTorch, and 1.54 GiB is reserved by PyTorch but unallocated. If reserved but unallocated memory is large try setting PYTORCH_CUDA_ALLOC_CONF=expandable_segments:True to avoid fragmentation.  See documentation for Memory Management  (https://pytorch.org/docs/stable/notes/cuda.html#environment-variables)
2025-01-19 19:09:25,592 - ERROR - Upscaling error: CUDA out of memory. Tried to allocate 2.00 GiB. GPU 0 has a total capacity of 23.69 GiB of which 1.50 GiB is free. Including non-PyTorch memory, this process has 17.85 GiB memory in use. Process 12049 has 4.30 GiB memory in use. Of the allocated memory 15.05 GiB is allocated by PyTorch, and 2.49 GiB is reserved by PyTorch but unallocated. If reserved but unallocated memory is large try setting PYTORCH_CUDA_ALLOC_CONF=expandable_segments:True to avoid fragmentation.  See documentation for Memory Management  (https://pytorch.org/docs/stable/notes/cuda.html#environment-variables)
2025-01-19 19:10:07,300 - ERROR - Upscaling error: CUDA out of memory. Tried to allocate 2.00 GiB. GPU 0 has a total capacity of 23.69 GiB of which 1.00 GiB is free. Including non-PyTorch memory, this process has 18.35 GiB memory in use. Process 12049 has 4.30 GiB memory in use. Of the allocated memory 15.05 GiB is allocated by PyTorch, and 2.99 GiB is reserved by PyTorch but unallocated. If reserved but unallocated memory is large try setting PYTORCH_CUDA_ALLOC_CONF=expandable_segments:True to avoid fragmentation.  See documentation for Memory Management  (https://pytorch.org/docs/stable/notes/cuda.html#environment-variables)
2025-01-19 19:10:50,102 - ERROR - Upscaling error: CUDA out of memory. Tried to allocate 2.00 GiB. GPU 0 has a total capacity of 23.69 GiB of which 1.00 GiB is free. Including non-PyTorch memory, this process has 18.35 GiB memory in use. Process 12049 has 4.30 GiB memory in use. Of the allocated memory 15.05 GiB is allocated by PyTorch, and 2.99 GiB is reserved by PyTorch but unallocated. If reserved but unallocated memory is large try setting PYTORCH_CUDA_ALLOC_CONF=expandable_segments:True to avoid fragmentation.  See documentation for Memory Management  (https://pytorch.org/docs/stable/notes/cuda.html#environment-variables)
2025-01-19 19:10:50,184 - INFO - Successfully processed: /home/anywhere3090l/Desktop/compalmtk/Dynamic-noise-AD-master/dataset/btad/three/train/good/0060.png
2025-01-19 19:10:50,409 - INFO - Processing image 8/1000: /home/anywhere3090l/Desktop/compalmtk/Dynamic-noise-AD-master/dataset/btad/three/train/good/0259.png
2025-01-19 19:12:14,006 - ERROR - Upscaling error: CUDA out of memory. Tried to allocate 2.00 GiB. GPU 0 has a total capacity of 23.69 GiB of which 1.23 GiB is free. Including non-PyTorch memory, this process has 18.12 GiB memory in use. Process 12049 has 4.30 GiB memory in use. Of the allocated memory 15.05 GiB is allocated by PyTorch, and 2.76 GiB is reserved by PyTorch but unallocated. If reserved but unallocated memory is large try setting PYTORCH_CUDA_ALLOC_CONF=expandable_segments:True to avoid fragmentation.  See documentation for Memory Management  (https://pytorch.org/docs/stable/notes/cuda.html#environment-variables)
2025-01-19 19:12:54,574 - ERROR - Upscaling error: CUDA out of memory. Tried to allocate 2.00 GiB. GPU 0 has a total capacity of 23.69 GiB of which 1.23 GiB is free. Including non-PyTorch memory, this process has 18.12 GiB memory in use. Process 12049 has 4.30 GiB memory in use. Of the allocated memory 15.05 GiB is allocated by PyTorch, and 2.76 GiB is reserved by PyTorch but unallocated. If reserved but unallocated memory is large try setting PYTORCH_CUDA_ALLOC_CONF=expandable_segments:True to avoid fragmentation.  See documentation for Memory Management  (https://pytorch.org/docs/stable/notes/cuda.html#environment-variables)
2025-01-19 19:13:36,266 - ERROR - Upscaling error: CUDA out of memory. Tried to allocate 2.00 GiB. GPU 0 has a total capacity of 23.69 GiB of which 1.23 GiB is free. Including non-PyTorch memory, this process has 18.12 GiB memory in use. Process 12049 has 4.30 GiB memory in use. Of the allocated memory 15.05 GiB is allocated by PyTorch, and 2.76 GiB is reserved by PyTorch but unallocated. If reserved but unallocated memory is large try setting PYTORCH_CUDA_ALLOC_CONF=expandable_segments:True to avoid fragmentation.  See documentation for Memory Management  (https://pytorch.org/docs/stable/notes/cuda.html#environment-variables)
2025-01-19 19:13:36,351 - INFO - Successfully processed: /home/anywhere3090l/Desktop/compalmtk/Dynamic-noise-AD-master/dataset/btad/three/train/good/0259.png
2025-01-19 19:13:36,576 - INFO - Processing image 9/1000: /home/anywhere3090l/Desktop/compalmtk/Dynamic-noise-AD-master/dataset/btad/three/train/good/0694.png
2025-01-19 19:14:58,970 - ERROR - Upscaling error: CUDA out of memory. Tried to allocate 2.00 GiB. GPU 0 has a total capacity of 23.69 GiB of which 1.23 GiB is free. Including non-PyTorch memory, this process has 18.12 GiB memory in use. Process 12049 has 4.30 GiB memory in use. Of the allocated memory 15.05 GiB is allocated by PyTorch, and 2.76 GiB is reserved by PyTorch but unallocated. If reserved but unallocated memory is large try setting PYTORCH_CUDA_ALLOC_CONF=expandable_segments:True to avoid fragmentation.  See documentation for Memory Management  (https://pytorch.org/docs/stable/notes/cuda.html#environment-variables)
2025-01-19 19:15:38,998 - ERROR - Upscaling error: CUDA out of memory. Tried to allocate 2.00 GiB. GPU 0 has a total capacity of 23.69 GiB of which 1.23 GiB is free. Including non-PyTorch memory, this process has 18.12 GiB memory in use. Process 12049 has 4.30 GiB memory in use. Of the allocated memory 15.05 GiB is allocated by PyTorch, and 2.76 GiB is reserved by PyTorch but unallocated. If reserved but unallocated memory is large try setting PYTORCH_CUDA_ALLOC_CONF=expandable_segments:True to avoid fragmentation.  See documentation for Memory Management  (https://pytorch.org/docs/stable/notes/cuda.html#environment-variables)
2025-01-19 19:16:20,274 - ERROR - Upscaling error: CUDA out of memory. Tried to allocate 2.00 GiB. GPU 0 has a total capacity of 23.69 GiB of which 1.23 GiB is free. Including non-PyTorch memory, this process has 18.12 GiB memory in use. Process 12049 has 4.30 GiB memory in use. Of the allocated memory 15.05 GiB is allocated by PyTorch, and 2.76 GiB is reserved by PyTorch but unallocated. If reserved but unallocated memory is large try setting PYTORCH_CUDA_ALLOC_CONF=expandable_segments:True to avoid fragmentation.  See documentation for Memory Management  (https://pytorch.org/docs/stable/notes/cuda.html#environment-variables)
2025-01-19 19:16:20,354 - INFO - Successfully processed: /home/anywhere3090l/Desktop/compalmtk/Dynamic-noise-AD-master/dataset/btad/three/train/good/0694.png
2025-01-19 19:16:20,577 - INFO - Processing image 10/1000: /home/anywhere3090l/Desktop/compalmtk/Dynamic-noise-AD-master/dataset/btad/three/train/good/0528.png
2025-01-19 19:17:42,926 - ERROR - Upscaling error: CUDA out of memory. Tried to allocate 2.00 GiB. GPU 0 has a total capacity of 23.69 GiB of which 1.23 GiB is free. Including non-PyTorch memory, this process has 18.12 GiB memory in use. Process 12049 has 4.30 GiB memory in use. Of the allocated memory 15.05 GiB is allocated by PyTorch, and 2.76 GiB is reserved by PyTorch but unallocated. If reserved but unallocated memory is large try setting PYTORCH_CUDA_ALLOC_CONF=expandable_segments:True to avoid fragmentation.  See documentation for Memory Management  (https://pytorch.org/docs/stable/notes/cuda.html#environment-variables)
2025-01-19 19:18:22,648 - ERROR - Upscaling error: CUDA out of memory. Tried to allocate 2.00 GiB. GPU 0 has a total capacity of 23.69 GiB of which 1.23 GiB is free. Including non-PyTorch memory, this process has 18.12 GiB memory in use. Process 12049 has 4.30 GiB memory in use. Of the allocated memory 15.05 GiB is allocated by PyTorch, and 2.76 GiB is reserved by PyTorch but unallocated. If reserved but unallocated memory is large try setting PYTORCH_CUDA_ALLOC_CONF=expandable_segments:True to avoid fragmentation.  See documentation for Memory Management  (https://pytorch.org/docs/stable/notes/cuda.html#environment-variables)
2025-01-19 19:19:03,826 - ERROR - Upscaling error: CUDA out of memory. Tried to allocate 2.00 GiB. GPU 0 has a total capacity of 23.69 GiB of which 1.23 GiB is free. Including non-PyTorch memory, this process has 18.12 GiB memory in use. Process 12049 has 4.30 GiB memory in use. Of the allocated memory 15.05 GiB is allocated by PyTorch, and 2.76 GiB is reserved by PyTorch but unallocated. If reserved but unallocated memory is large try setting PYTORCH_CUDA_ALLOC_CONF=expandable_segments:True to avoid fragmentation.  See documentation for Memory Management  (https://pytorch.org/docs/stable/notes/cuda.html#environment-variables)
2025-01-19 19:19:03,911 - INFO - Successfully processed: /home/anywhere3090l/Desktop/compalmtk/Dynamic-noise-AD-master/dataset/btad/three/train/good/0528.png
2025-01-19 19:19:04,135 - INFO - Processing image 11/1000: /home/anywhere3090l/Desktop/compalmtk/Dynamic-noise-AD-master/dataset/btad/three/train/good/0038.png
2025-01-19 19:20:25,626 - ERROR - Upscaling error: CUDA out of memory. Tried to allocate 2.00 GiB. GPU 0 has a total capacity of 23.69 GiB of which 1.23 GiB is free. Including non-PyTorch memory, this process has 18.12 GiB memory in use. Process 12049 has 4.30 GiB memory in use. Of the allocated memory 15.05 GiB is allocated by PyTorch, and 2.76 GiB is reserved by PyTorch but unallocated. If reserved but unallocated memory is large try setting PYTORCH_CUDA_ALLOC_CONF=expandable_segments:True to avoid fragmentation.  See documentation for Memory Management  (https://pytorch.org/docs/stable/notes/cuda.html#environment-variables)
2025-01-19 19:21:05,438 - ERROR - Upscaling error: CUDA out of memory. Tried to allocate 2.00 GiB. GPU 0 has a total capacity of 23.69 GiB of which 1.23 GiB is free. Including non-PyTorch memory, this process has 18.12 GiB memory in use. Process 12049 has 4.30 GiB memory in use. Of the allocated memory 15.05 GiB is allocated by PyTorch, and 2.76 GiB is reserved by PyTorch but unallocated. If reserved but unallocated memory is large try setting PYTORCH_CUDA_ALLOC_CONF=expandable_segments:True to avoid fragmentation.  See documentation for Memory Management  (https://pytorch.org/docs/stable/notes/cuda.html#environment-variables)
2025-01-19 19:21:46,110 - ERROR - Upscaling error: CUDA out of memory. Tried to allocate 2.00 GiB. GPU 0 has a total capacity of 23.69 GiB of which 1.23 GiB is free. Including non-PyTorch memory, this process has 18.12 GiB memory in use. Process 12049 has 4.30 GiB memory in use. Of the allocated memory 15.05 GiB is allocated by PyTorch, and 2.76 GiB is reserved by PyTorch but unallocated. If reserved but unallocated memory is large try setting PYTORCH_CUDA_ALLOC_CONF=expandable_segments:True to avoid fragmentation.  See documentation for Memory Management  (https://pytorch.org/docs/stable/notes/cuda.html#environment-variables)
2025-01-19 19:21:46,179 - INFO - Successfully processed: /home/anywhere3090l/Desktop/compalmtk/Dynamic-noise-AD-master/dataset/btad/three/train/good/0038.png
2025-01-19 19:21:46,403 - INFO - Processing image 12/1000: /home/anywhere3090l/Desktop/compalmtk/Dynamic-noise-AD-master/dataset/btad/three/train/good/0046.png
2025-01-19 19:23:07,278 - ERROR - Upscaling error: CUDA out of memory. Tried to allocate 2.00 GiB. GPU 0 has a total capacity of 23.69 GiB of which 1.23 GiB is free. Including non-PyTorch memory, this process has 18.12 GiB memory in use. Process 12049 has 4.30 GiB memory in use. Of the allocated memory 15.05 GiB is allocated by PyTorch, and 2.76 GiB is reserved by PyTorch but unallocated. If reserved but unallocated memory is large try setting PYTORCH_CUDA_ALLOC_CONF=expandable_segments:True to avoid fragmentation.  See documentation for Memory Management  (https://pytorch.org/docs/stable/notes/cuda.html#environment-variables)
2025-01-19 19:23:46,754 - ERROR - Upscaling error: CUDA out of memory. Tried to allocate 2.00 GiB. GPU 0 has a total capacity of 23.69 GiB of which 1.23 GiB is free. Including non-PyTorch memory, this process has 18.12 GiB memory in use. Process 12049 has 4.30 GiB memory in use. Of the allocated memory 15.05 GiB is allocated by PyTorch, and 2.76 GiB is reserved by PyTorch but unallocated. If reserved but unallocated memory is large try setting PYTORCH_CUDA_ALLOC_CONF=expandable_segments:True to avoid fragmentation.  See documentation for Memory Management  (https://pytorch.org/docs/stable/notes/cuda.html#environment-variables)
2025-01-19 19:24:27,670 - ERROR - Upscaling error: CUDA out of memory. Tried to allocate 2.00 GiB. GPU 0 has a total capacity of 23.69 GiB of which 1.23 GiB is free. Including non-PyTorch memory, this process has 18.12 GiB memory in use. Process 12049 has 4.30 GiB memory in use. Of the allocated memory 15.05 GiB is allocated by PyTorch, and 2.76 GiB is reserved by PyTorch but unallocated. If reserved but unallocated memory is large try setting PYTORCH_CUDA_ALLOC_CONF=expandable_segments:True to avoid fragmentation.  See documentation for Memory Management  (https://pytorch.org/docs/stable/notes/cuda.html#environment-variables)
2025-01-19 19:24:27,753 - INFO - Successfully processed: /home/anywhere3090l/Desktop/compalmtk/Dynamic-noise-AD-master/dataset/btad/three/train/good/0046.png
2025-01-19 19:24:27,978 - INFO - Processing image 13/1000: /home/anywhere3090l/Desktop/compalmtk/Dynamic-noise-AD-master/dataset/btad/three/train/good/0541.png
2025-01-19 19:27:14,040 - INFO - Successfully processed: /home/anywhere3090l/Desktop/compalmtk/Dynamic-noise-AD-master/dataset/btad/three/train/good/0541.png
2025-01-19 19:27:14,267 - INFO - Processing image 14/1000: /home/anywhere3090l/Desktop/compalmtk/Dynamic-noise-AD-master/dataset/btad/three/train/good/0838.png
2025-01-19 19:29:59,992 - INFO - Successfully processed: /home/anywhere3090l/Desktop/compalmtk/Dynamic-noise-AD-master/dataset/btad/three/train/good/0838.png
2025-01-19 19:30:00,224 - INFO - Processing image 15/1000: /home/anywhere3090l/Desktop/compalmtk/Dynamic-noise-AD-master/dataset/btad/three/train/good/0872.png
2025-01-19 19:32:44,815 - INFO - Successfully processed: /home/anywhere3090l/Desktop/compalmtk/Dynamic-noise-AD-master/dataset/btad/three/train/good/0872.png
2025-01-19 19:32:45,046 - INFO - Processing image 16/1000: /home/anywhere3090l/Desktop/compalmtk/Dynamic-noise-AD-master/dataset/btad/three/train/good/0213.png
2025-01-19 19:35:29,533 - INFO - Successfully processed: /home/anywhere3090l/Desktop/compalmtk/Dynamic-noise-AD-master/dataset/btad/three/train/good/0213.png
2025-01-19 19:35:29,767 - INFO - Processing image 17/1000: /home/anywhere3090l/Desktop/compalmtk/Dynamic-noise-AD-master/dataset/btad/three/train/good/0611.png
2025-01-19 19:38:15,055 - INFO - Successfully processed: /home/anywhere3090l/Desktop/compalmtk/Dynamic-noise-AD-master/dataset/btad/three/train/good/0611.png
2025-01-19 19:38:15,308 - INFO - Processing image 18/1000: /home/anywhere3090l/Desktop/compalmtk/Dynamic-noise-AD-master/dataset/btad/three/train/good/0913.png
2025-01-19 19:41:01,440 - INFO - Successfully processed: /home/anywhere3090l/Desktop/compalmtk/Dynamic-noise-AD-master/dataset/btad/three/train/good/0913.png
2025-01-19 19:41:01,675 - INFO - Processing image 19/1000: /home/anywhere3090l/Desktop/compalmtk/Dynamic-noise-AD-master/dataset/btad/three/train/good/0113.png
2025-01-19 19:43:46,543 - INFO - Successfully processed: /home/anywhere3090l/Desktop/compalmtk/Dynamic-noise-AD-master/dataset/btad/three/train/good/0113.png
2025-01-19 19:43:46,772 - INFO - Processing image 20/1000: /home/anywhere3090l/Desktop/compalmtk/Dynamic-noise-AD-master/dataset/btad/three/train/good/0864.png
2025-01-19 19:46:29,501 - INFO - Successfully processed: /home/anywhere3090l/Desktop/compalmtk/Dynamic-noise-AD-master/dataset/btad/three/train/good/0864.png
2025-01-19 19:46:29,726 - INFO - Processing image 21/1000: /home/anywhere3090l/Desktop/compalmtk/Dynamic-noise-AD-master/dataset/btad/three/train/good/0107.png
2025-01-19 19:49:12,358 - INFO - Successfully processed: /home/anywhere3090l/Desktop/compalmtk/Dynamic-noise-AD-master/dataset/btad/three/train/good/0107.png
2025-01-19 19:49:12,607 - INFO - Processing image 22/1000: /home/anywhere3090l/Desktop/compalmtk/Dynamic-noise-AD-master/dataset/btad/three/train/good/0012.png
2025-01-19 19:51:57,146 - INFO - Successfully processed: /home/anywhere3090l/Desktop/compalmtk/Dynamic-noise-AD-master/dataset/btad/three/train/good/0012.png
2025-01-19 19:51:57,394 - INFO - Processing image 23/1000: /home/anywhere3090l/Desktop/compalmtk/Dynamic-noise-AD-master/dataset/btad/three/train/good/0276.png
